#
# A fatal error has been detected by the Java Runtime Environment:
#
#  EXCEPTION_ACCESS_VIOLATION (0xc0000005) at pc=0x0000000061df96d9, pid=7440, tid=1572
#
# JRE version: Java(TM) SE Runtime Environment (7.0_75-b13) (build 1.7.0_75-b13)
# Java VM: Java HotSpot(TM) 64-Bit Server VM (24.75-b04 mixed mode windows-amd64 compressed oops)
# Problematic frame:
# V  [jvm.dll+0x1996d9]
#
# Failed to write core dump. Minidumps are not enabled by default on client versions of Windows
#
# If you would like to submit a bug report, please visit:
#   http://bugreport.sun.com/bugreport/crash.jsp
#

---------------  T H R E A D  ---------------

Current thread (0x000000000a95a800):  JavaThread "JDWP Transport Listener: dt_socket" daemon [_thread_in_vm, id=1572, stack(0x000000000c000000,0x000000000c100000)]

siginfo: ExceptionCode=0xc0000005, reading address 0x0000000000000000

Registers:
RAX=0x0000000000000000, RBX=0x0000000011a28328, RCX=0x0000000000000000, RDX=0x0000000000000000
RSP=0x000000000c0ff350, RBP=0x000000000c0ff3b9, RSI=0x0000000000000000, RDI=0x0000000011a28330
R8 =0x0000000780f6bf10, R9 =0x000000006c830000, R10=0x0000000000000000, R11=0x0000000000000000
R12=0x000000000a95a800, R13=0x000000000c0ff830, R14=0x000000000a95a800, R15=0x000000000c0ff830
RIP=0x0000000061df96d9, EFLAGS=0x0000000000010246

Top of Stack: (sp=0x000000000c0ff350)
0x000000000c0ff350:   0000000011a28328 000000000c0ff3b9
0x000000000c0ff360:   0000000000000000 0000000000000000
0x000000000c0ff370:   ffffffffffff0101 0000000011a282f0
0x000000000c0ff380:   0000000000000000 000000000e7e1760
0x000000000c0ff390:   00000007819f8c98 0000000061d06f0d
0x000000000c0ff3a0:   0000000011a28228 0000000011a282a0
0x000000000c0ff3b0:   0000000011a282a0 0000000000000041
0x000000000c0ff3c0:   000000000a952720 000000000a952260
0x000000000c0ff3d0:   000000000c0ff4c0 000000000c0ff830
0x000000000c0ff3e0:   000000000c0ff830 000000000a95a800
0x000000000c0ff3f0:   000000000a952720 000000000a952260
0x000000000c0ff400:   0000000000000000 000000000a9594c0
0x000000000c0ff410:   000000000c0ff4c9 0000000061dfa065
0x000000000c0ff420:   00000000000002a4 0000000000000000
0x000000000c0ff430:   0000000011a282f0 000000000a95a800
0x000000000c0ff440:   0000000000000000 0000000000000000 

Instructions: (pc=0x0000000061df96d9)
0x0000000061df96b9:   85 c0 75 05 48 8b c6 eb 10 49 8b 8c 24 20 01 00
0x0000000061df96c9:   00 48 8b d0 e8 3e b8 e6 ff 48 89 45 c7 4c 8b 03
0x0000000061df96d9:   48 8b 08 41 8b 50 3c 85 d2 75 09 41 8b 40 34 89
0x0000000061df96e9:   41 3c eb 03 89 51 3c 4d 8b a4 24 18 01 00 00 33 


Register to memory mapping:

RAX=0x0000000000000000 is an unknown value
RBX=0x0000000011a28328 is an unknown value
RCX=0x0000000000000000 is an unknown value
RDX=0x0000000000000000 is an unknown value
RSP=0x000000000c0ff350 is pointing into the stack for thread: 0x000000000a95a800
RBP=0x000000000c0ff3b9 is pointing into the stack for thread: 0x000000000a95a800
RSI=0x0000000000000000 is an unknown value
RDI=0x0000000011a28330 is an unknown value
R8 =0x0000000780f6bf10 is an oop

[error occurred during error reporting (printing register info), id 0xe0000000]

Stack: [0x000000000c000000,0x000000000c100000],  sp=0x000000000c0ff350,  free space=1020k
Native frames: (J=compiled Java code, j=interpreted, Vv=VM code, C=native code)
V  [jvm.dll+0x1996d9]


---------------  P R O C E S S  ---------------

Java Threads: ( => current thread )
  0x000000000e7c4000 JavaThread "Timer-14" daemon [_thread_in_native, id=8924, stack(0x0000000010400000,0x0000000010500000)]
  0x000000000e7c8000 JavaThread "org.springframework.scheduling.quartz.SchedulerFactoryBean#0_QuartzSchedulerThread" [_thread_blocked, id=6252, stack(0x0000000012a50000,0x0000000012b50000)]
  0x000000000dee7000 JavaThread "org.springframework.scheduling.quartz.SchedulerFactoryBean#0_Worker-10" [_thread_blocked, id=7204, stack(0x0000000011780000,0x0000000011880000)]
  0x000000000dee5800 JavaThread "org.springframework.scheduling.quartz.SchedulerFactoryBean#0_Worker-9" [_thread_blocked, id=8748, stack(0x00000000115e0000,0x00000000116e0000)]
  0x000000000dee2800 JavaThread "org.springframework.scheduling.quartz.SchedulerFactoryBean#0_Worker-8" [_thread_blocked, id=7280, stack(0x0000000010b10000,0x0000000010c10000)]
  0x000000000dee6000 JavaThread "org.springframework.scheduling.quartz.SchedulerFactoryBean#0_Worker-7" [_thread_blocked, id=7908, stack(0x0000000010d40000,0x0000000010e40000)]
  0x000000000dee4000 JavaThread "org.springframework.scheduling.quartz.SchedulerFactoryBean#0_Worker-6" [_thread_blocked, id=4116, stack(0x0000000011480000,0x0000000011580000)]
  0x000000000deca000 JavaThread "org.springframework.scheduling.quartz.SchedulerFactoryBean#0_Worker-5" [_thread_blocked, id=4364, stack(0x0000000011030000,0x0000000011130000)]
  0x000000000decb800 JavaThread "org.springframework.scheduling.quartz.SchedulerFactoryBean#0_Worker-4" [_thread_blocked, id=1412, stack(0x0000000010c10000,0x0000000010d10000)]
  0x000000000ded1000 JavaThread "org.springframework.scheduling.quartz.SchedulerFactoryBean#0_Worker-3" [_thread_blocked, id=8664, stack(0x00000000108b0000,0x00000000109b0000)]
  0x000000000decf800 JavaThread "org.springframework.scheduling.quartz.SchedulerFactoryBean#0_Worker-2" [_thread_blocked, id=3920, stack(0x00000000109f0000,0x0000000010af0000)]
  0x000000000dece000 JavaThread "org.springframework.scheduling.quartz.SchedulerFactoryBean#0_Worker-1" [_thread_blocked, id=1236, stack(0x0000000010750000,0x0000000010850000)]
  0x000000000decd000 JavaThread "Druid-ConnectionPool-Destroy-450555599" daemon [_thread_blocked, id=8476, stack(0x0000000010620000,0x0000000010720000)]
  0x000000000decc800 JavaThread "Druid-ConnectionPool-Create-450555599" daemon [_thread_blocked, id=3584, stack(0x00000000101f0000,0x00000000102f0000)]
  0x000000000decb000 JavaThread "Abandoned connection cleanup thread" daemon [_thread_blocked, id=8852, stack(0x000000000ff70000,0x0000000010070000)]
  0x000000000e7c5800 JavaThread "Timer-13" daemon [_thread_blocked, id=4368, stack(0x00000000100f0000,0x00000000101f0000)]
  0x000000000dee1800 JavaThread "431293089@qtp-2033379069-4" [_thread_blocked, id=3788, stack(0x0000000010e70000,0x0000000010f70000)]
  0x000000000e7c5000 JavaThread "Abandoned connection cleanup thread" daemon [_thread_blocked, id=4908, stack(0x00000000102f0000,0x00000000103f0000)]
  0x000000000e7c1000 JavaThread "Abandoned connection cleanup thread" daemon [_thread_blocked, id=8212, stack(0x000000000d860000,0x000000000d960000)]
  0x000000000e7c3800 JavaThread "Abandoned connection cleanup thread" daemon [_thread_blocked, id=1636, stack(0x0000000010510000,0x0000000010610000)]
  0x000000000dee4800 JavaThread "Abandoned connection cleanup thread" daemon [_thread_blocked, id=8316, stack(0x000000000d960000,0x000000000da60000)]
  0x000000000e7c2000 JavaThread "commons-pool-EvictionTimer" daemon [_thread_blocked, id=9072, stack(0x0000000012b80000,0x0000000012c80000)]
  0x000000000dee7800 JavaThread "Timer-4" daemon [_thread_in_native, id=4684, stack(0x00000000111b0000,0x00000000112b0000)]
  0x000000000ded0000 JavaThread "Abandoned connection cleanup thread" daemon [_thread_blocked, id=4292, stack(0x000000000ec20000,0x000000000ed20000)]
  0x000000000dee3000 JavaThread "commons-pool-EvictionTimer" daemon [_thread_blocked, id=7368, stack(0x00000000118f0000,0x00000000119f0000)]
  0x000000000ee62000 JavaThread "Abandoned connection cleanup thread" daemon [_thread_blocked, id=4056, stack(0x000000000fe20000,0x000000000ff20000)]
  0x000000000c92d000 JavaThread "2067277247@qtp-2033379069-1 - Acceptor0 SelectChannelConnector@0.0.0.0:8080" [_thread_in_native, id=9032, stack(0x000000000db10000,0x000000000dc10000)]
  0x000000000c93e800 JavaThread "Thread-3" [_thread_in_native, id=8396, stack(0x000000000d670000,0x000000000d770000)]
  0x000000000c956800 JavaThread "Thread-2" [_thread_blocked, id=7992, stack(0x000000000d4a0000,0x000000000d5a0000)]
  0x000000000c9b5800 JavaThread "Timer-0" daemon [_thread_blocked, id=8580, stack(0x000000000d2d0000,0x000000000d3d0000)]
  0x000000000a985800 JavaThread "Service Thread" daemon [_thread_blocked, id=5132, stack(0x000000000c3f0000,0x000000000c4f0000)]
  0x000000000a977800 JavaThread "C2 CompilerThread1" daemon [_thread_blocked, id=3792, stack(0x000000000c120000,0x000000000c220000)]
  0x000000000a971800 JavaThread "C2 CompilerThread0" daemon [_thread_blocked, id=1376, stack(0x000000000c2b0000,0x000000000c3b0000)]
  0x000000000a96f800 JavaThread "JDWP Command Reader" daemon [_thread_in_native, id=8320, stack(0x000000000bb90000,0x000000000bc90000)]
  0x000000000a960800 JavaThread "JDWP Event Helper Thread" daemon [_thread_blocked, id=8356, stack(0x000000000bec0000,0x000000000bfc0000)]
=>0x000000000a95a800 JavaThread "JDWP Transport Listener: dt_socket" daemon [_thread_in_vm, id=1572, stack(0x000000000c000000,0x000000000c100000)]
  0x000000000a94b000 JavaThread "Attach Listener" daemon [_thread_blocked, id=7760, stack(0x000000000b890000,0x000000000b990000)]
  0x000000000a94a000 JavaThread "Signal Dispatcher" daemon [_thread_blocked, id=7840, stack(0x000000000b660000,0x000000000b760000)]
  0x000000000a8dd800 JavaThread "Finalizer" daemon [_thread_blocked, id=8920, stack(0x000000000b2a0000,0x000000000b3a0000)]
  0x000000000a8d4000 JavaThread "Reference Handler" daemon [_thread_blocked, id=2528, stack(0x000000000b540000,0x000000000b640000)]
  0x000000000226f000 JavaThread "main" [_thread_blocked, id=7692, stack(0x0000000002440000,0x0000000002540000)]

Other Threads:
  0x0000000002238000 VMThread [stack: 0x000000000b3f0000,0x000000000b4f0000] [id=8420]
  0x000000000a98f000 WatcherThread [stack: 0x000000000c550000,0x000000000c650000] [id=7580]

VM state:not at safepoint (normal execution)

VM Mutex/Monitor currently owned by a thread: None

Heap
 PSYoungGen      total 210944K, used 0K [0x00000007d5e00000, 0x00000007e4480000, 0x0000000800000000)
  eden space 186880K, 0% used [0x00000007d5e00000,0x00000007d5e00000,0x00000007e1480000)
  from space 24064K, 0% used [0x00000007e2d00000,0x00000007e2d00000,0x00000007e4480000)
  to   space 24576K, 0% used [0x00000007e1480000,0x00000007e1480000,0x00000007e2c80000)
 ParOldGen       total 561664K, used 27781K [0x0000000781a00000, 0x00000007a3e80000, 0x00000007d5e00000)
  object space 561664K, 4% used [0x0000000781a00000,0x00000007835217d0,0x00000007a3e80000)
 PSPermGen       total 131072K, used 131069K [0x0000000779a00000, 0x0000000781a00000, 0x0000000781a00000)
  object space 131072K, 99% used [0x0000000779a00000,0x00000007819ff420,0x0000000781a00000)

Card table byte_map: [0x0000000005540000,0x0000000005980000] byte_map_base: 0x0000000001973000

Polling page: 0x0000000000190000

Code Cache  [0x0000000002540000, 0x0000000002b30000, 0x0000000005540000)
 total_blobs=1914 nmethods=1490 adapters=385 free_code_cache=43185Kb largest_free_block=44118080

Compilation events (10 events):
Event: 3644.163 Thread 0x000000000a977800 1647   !         org.springframework.core.annotation.AnnotatedElementUtils::process (47 bytes)
Event: 3644.165 Thread 0x000000000a977800 nmethod 1647 0x0000000002aff210 code [0x0000000002aff380, 0x0000000002aff528]
Event: 3644.194 Thread 0x000000000a971800 1648             org.springframework.core.annotation.AnnotatedElementUtils::getAnnotationAttributes (8 bytes)
Event: 3644.196 Thread 0x000000000a971800 nmethod 1648 0x0000000002afeb50 code [0x0000000002afecc0, 0x0000000002afef08]
Event: 3644.197 Thread 0x000000000a977800 1649             org.springframework.core.annotation.AnnotatedElementUtils::getAnnotationAttributes (19 bytes)
Event: 3644.197 Thread 0x000000000a971800 1650             org.springframework.core.annotation.AnnotatedElementUtils$4::<init> (15 bytes)
Event: 3644.197 Thread 0x000000000a971800 nmethod 1650 0x0000000002ad1ad0 code [0x0000000002ad1c00, 0x0000000002ad1c58]
Event: 3644.199 Thread 0x000000000a977800 nmethod 1649 0x0000000002a828d0 code [0x0000000002a82a40, 0x0000000002a82cc8]
Event: 3647.239 Thread 0x000000000a971800 1651             sun.misc.ProxyGenerator::generateStaticInitializer (457 bytes)
Event: 3647.292 Thread 0x000000000a971800 nmethod 1651 0x0000000002b25950 code [0x0000000002b25fe0, 0x0000000002b28fa8]

GC Heap History (10 events):
Event: 3651.437 GC heap before
{Heap before GC invocations=28 (full 6):
 PSYoungGen      total 207872K, used 192K [0x00000007d5e00000, 0x00000007e4300000, 0x0000000800000000)
  eden space 183296K, 0% used [0x00000007d5e00000,0x00000007d5e00000,0x00000007e1100000)
  from space 24576K, 0% used [0x00000007e2b00000,0x00000007e2b30000,0x00000007e4300000)
  to   space 25600K, 0% used [0x00000007e1100000,0x00000007e1100000,0x00000007e2a00000)
 ParOldGen       total 263680K, used 27802K [0x0000000781a00000, 0x0000000791b80000, 0x00000007d5e00000)
  object space 263680K, 10% used [0x0000000781a00000,0x0000000783526a78,0x0000000791b80000)
 PSPermGen       total 131072K, used 131071K [0x0000000779a00000, 0x0000000781a00000, 0x0000000781a00000)
  object space 131072K, 99% used [0x0000000779a00000,0x00000007819fffe0,0x0000000781a00000)
Event: 3651.681 GC heap after
Heap after GC invocations=28 (full 6):
 PSYoungGen      total 207872K, used 0K [0x00000007d5e00000, 0x00000007e4300000, 0x0000000800000000)
  eden space 183296K, 0% used [0x00000007d5e00000,0x00000007d5e00000,0x00000007e1100000)
  from space 24576K, 0% used [0x00000007e2b00000,0x00000007e2b00000,0x00000007e4300000)
  to   space 25600K, 0% used [0x00000007e1100000,0x00000007e1100000,0x00000007e2a00000)
 ParOldGen       total 352768K, used 27800K [0x0000000781a00000, 0x0000000797280000, 0x00000007d5e00000)
  object space 352768K, 7% used [0x0000000781a00000,0x00000007835262c0,0x0000000797280000)
 PSPermGen       total 131072K, used 131018K [0x0000000779a00000, 0x0000000781a00000, 0x0000000781a00000)
  object space 131072K, 99% used [0x0000000779a00000,0x00000007819f2bf8,0x0000000781a00000)
}
Event: 3651.690 GC heap before
{Heap before GC invocations=29 (full 6):
 PSYoungGen      total 207872K, used 257K [0x00000007d5e00000, 0x00000007e4300000, 0x0000000800000000)
  eden space 183296K, 0% used [0x00000007d5e00000,0x00000007d5e40670,0x00000007e1100000)
  from space 24576K, 0% used [0x00000007e2b00000,0x00000007e2b00000,0x00000007e4300000)
  to   space 25600K, 0% used [0x00000007e1100000,0x00000007e1100000,0x00000007e2a00000)
 ParOldGen       total 352768K, used 27800K [0x0000000781a00000, 0x0000000797280000, 0x00000007d5e00000)
  object space 352768K, 7% used [0x0000000781a00000,0x00000007835262c0,0x0000000797280000)
 PSPermGen       total 131072K, used 131069K [0x0000000779a00000, 0x0000000781a00000, 0x0000000781a00000)
  object space 131072K, 99% used [0x0000000779a00000,0x00000007819ff4a0,0x0000000781a00000)
Event: 3651.703 GC heap after
Heap after GC invocations=29 (full 6):
 PSYoungGen      total 208896K, used 0K [0x00000007d5e00000, 0x00000007e4600000, 0x0000000800000000)
  eden space 183296K, 0% used [0x00000007d5e00000,0x00000007d5e00000,0x00000007e1100000)
  from space 25600K, 0% used [0x00000007e1100000,0x00000007e1100000,0x00000007e2a00000)
  to   space 25600K, 0% used [0x00000007e2d00000,0x00000007e2d00000,0x00000007e4600000)
 ParOldGen       total 352768K, used 27800K [0x0000000781a00000, 0x0000000797280000, 0x00000007d5e00000)
  object space 352768K, 7% used [0x0000000781a00000,0x00000007835262c0,0x0000000797280000)
 PSPermGen       total 131072K, used 131069K [0x0000000779a00000, 0x0000000781a00000, 0x0000000781a00000)
  object space 131072K, 99% used [0x0000000779a00000,0x00000007819ff4a0,0x0000000781a00000)
}
Event: 3651.703 GC heap before
{Heap before GC invocations=30 (full 7):
 PSYoungGen      total 208896K, used 0K [0x00000007d5e00000, 0x00000007e4600000, 0x0000000800000000)
  eden space 183296K, 0% used [0x00000007d5e00000,0x00000007d5e00000,0x00000007e1100000)
  from space 25600K, 0% used [0x00000007e1100000,0x00000007e1100000,0x00000007e2a00000)
  to   space 25600K, 0% used [0x00000007e2d00000,0x00000007e2d00000,0x00000007e4600000)
 ParOldGen       total 352768K, used 27800K [0x0000000781a00000, 0x0000000797280000, 0x00000007d5e00000)
  object space 352768K, 7% used [0x0000000781a00000,0x00000007835262c0,0x0000000797280000)
 PSPermGen       total 131072K, used 131069K [0x0000000779a00000, 0x0000000781a00000, 0x0000000781a00000)
  object space 131072K, 99% used [0x0000000779a00000,0x00000007819ff4a0,0x0000000781a00000)
Event: 3652.026 GC heap after
Heap after GC invocations=30 (full 7):
 PSYoungGen      total 208896K, used 0K [0x00000007d5e00000, 0x00000007e4600000, 0x0000000800000000)
  eden space 183296K, 0% used [0x00000007d5e00000,0x00000007d5e00000,0x00000007e1100000)
  from space 25600K, 0% used [0x00000007e1100000,0x00000007e1100000,0x00000007e2a00000)
  to   space 25600K, 0% used [0x00000007e2d00000,0x00000007e2d00000,0x00000007e4600000)
 ParOldGen       total 444928K, used 27785K [0x0000000781a00000, 0x000000079cc80000, 0x00000007d5e00000)
  object space 444928K, 6% used [0x0000000781a00000,0x0000000783522478,0x000000079cc80000)
 PSPermGen       total 131072K, used 131069K [0x0000000779a00000, 0x0000000781a00000, 0x0000000781a00000)
  object space 131072K, 99% used [0x0000000779a00000,0x00000007819ff420,0x0000000781a00000)
}
Event: 3652.026 GC heap before
{Heap before GC invocations=31 (full 7):
 PSYoungGen      total 208896K, used 0K [0x00000007d5e00000, 0x00000007e4600000, 0x0000000800000000)
  eden space 183296K, 0% used [0x00000007d5e00000,0x00000007d5e00000,0x00000007e1100000)
  from space 25600K, 0% used [0x00000007e1100000,0x00000007e1100000,0x00000007e2a00000)
  to   space 25600K, 0% used [0x00000007e2d00000,0x00000007e2d00000,0x00000007e4600000)
 ParOldGen       total 444928K, used 27785K [0x0000000781a00000, 0x000000079cc80000, 0x00000007d5e00000)
  object space 444928K, 6% used [0x0000000781a00000,0x0000000783522478,0x000000079cc80000)
 PSPermGen       total 131072K, used 131069K [0x0000000779a00000, 0x0000000781a00000, 0x0000000781a00000)
  object space 131072K, 99% used [0x0000000779a00000,0x00000007819ff420,0x0000000781a00000)
Event: 3652.049 GC heap after
Heap after GC invocations=31 (full 7):
 PSYoungGen      total 210944K, used 0K [0x00000007d5e00000, 0x00000007e4480000, 0x0000000800000000)
  eden space 186880K, 0% used [0x00000007d5e00000,0x00000007d5e00000,0x00000007e1480000)
  from space 24064K, 0% used [0x00000007e2d00000,0x00000007e2d00000,0x00000007e4480000)
  to   space 24576K, 0% used [0x00000007e1480000,0x00000007e1480000,0x00000007e2c80000)
 ParOldGen       total 444928K, used 27785K [0x0000000781a00000, 0x000000079cc80000, 0x00000007d5e00000)
  object space 444928K, 6% used [0x0000000781a00000,0x0000000783522478,0x000000079cc80000)
 PSPermGen       total 131072K, used 131069K [0x0000000779a00000, 0x0000000781a00000, 0x0000000781a00000)
  object space 131072K, 99% used [0x0000000779a00000,0x00000007819ff420,0x0000000781a00000)
}
Event: 3652.049 GC heap before
{Heap before GC invocations=32 (full 8):
 PSYoungGen      total 210944K, used 0K [0x00000007d5e00000, 0x00000007e4480000, 0x0000000800000000)
  eden space 186880K, 0% used [0x00000007d5e00000,0x00000007d5e00000,0x00000007e1480000)
  from space 24064K, 0% used [0x00000007e2d00000,0x00000007e2d00000,0x00000007e4480000)
  to   space 24576K, 0% used [0x00000007e1480000,0x00000007e1480000,0x00000007e2c80000)
 ParOldGen       total 444928K, used 27785K [0x0000000781a00000, 0x000000079cc80000, 0x00000007d5e00000)
  object space 444928K, 6% used [0x0000000781a00000,0x0000000783522478,0x000000079cc80000)
 PSPermGen       total 131072K, used 131069K [0x0000000779a00000, 0x0000000781a00000, 0x0000000781a00000)
  object space 131072K, 99% used [0x0000000779a00000,0x00000007819ff420,0x0000000781a00000)
Event: 3652.261 GC heap after
Heap after GC invocations=32 (full 8):
 PSYoungGen      total 210944K, used 0K [0x00000007d5e00000, 0x00000007e4480000, 0x0000000800000000)
  eden space 186880K, 0% used [0x00000007d5e00000,0x00000007d5e00000,0x00000007e1480000)
  from space 24064K, 0% used [0x00000007e2d00000,0x00000007e2d00000,0x00000007e4480000)
  to   space 24576K, 0% used [0x00000007e1480000,0x00000007e1480000,0x00000007e2c80000)
 ParOldGen       total 561664K, used 27781K [0x0000000781a00000, 0x00000007a3e80000, 0x00000007d5e00000)
  object space 561664K, 4% used [0x0000000781a00000,0x00000007835217d0,0x00000007a3e80000)
 PSPermGen       total 131072K, used 131069K [0x0000000779a00000, 0x0000000781a00000, 0x0000000781a00000)
  object space 131072K, 99% used [0x0000000779a00000,0x00000007819ff420,0x0000000781a00000)
}

Deoptimization events (10 events):
Event: 3647.785 Thread 0x000000000c9b5800 Uncommon trap: reason=unhandled action=none pc=0x000000000265d8a8 method=java.net.URLClassLoader$1.run()Ljava/lang/Class; @ 72
Event: 3647.785 Thread 0x000000000c9b5800 Uncommon trap: reason=unhandled action=none pc=0x000000000265d8a8 method=java.net.URLClassLoader$1.run()Ljava/lang/Class; @ 72
Event: 3647.785 Thread 0x000000000c9b5800 Uncommon trap: reason=unhandled action=none pc=0x000000000265d8a8 method=java.net.URLClassLoader$1.run()Ljava/lang/Class; @ 72
Event: 3647.786 Thread 0x000000000c9b5800 Uncommon trap: reason=unhandled action=none pc=0x000000000265d8a8 method=java.net.URLClassLoader$1.run()Ljava/lang/Class; @ 72
Event: 3647.786 Thread 0x000000000c9b5800 Uncommon trap: reason=unhandled action=none pc=0x000000000265d8a8 method=java.net.URLClassLoader$1.run()Ljava/lang/Class; @ 72
Event: 3649.021 Thread 0x000000000c9b5800 Uncommon trap: reason=unreached action=reinterpret pc=0x00000000026db834 method=java.lang.ref.SoftReference.get()Ljava/lang/Object; @ 6
Event: 3649.021 Thread 0x000000000c9b5800 Uncommon trap: reason=unhandled action=none pc=0x000000000295d0ac method=java.lang.Class.getMethod(Ljava/lang/String;[Ljava/lang/Class;)Ljava/lang/reflect/Method; @ 60
Event: 3649.022 Thread 0x000000000c9b5800 Uncommon trap: reason=unhandled action=none pc=0x000000000295d0ac method=java.lang.Class.getMethod(Ljava/lang/String;[Ljava/lang/Class;)Ljava/lang/reflect/Method; @ 60
Event: 3649.022 Thread 0x000000000c9b5800 Uncommon trap: reason=unhandled action=none pc=0x000000000295d0ac method=java.lang.Class.getMethod(Ljava/lang/String;[Ljava/lang/Class;)Ljava/lang/reflect/Method; @ 60
Event: 3649.022 Thread 0x000000000c9b5800 Uncommon trap: reason=unhandled action=none pc=0x000000000295d0ac method=java.lang.Class.getMethod(Ljava/lang/String;[Ljava/lang/Class;)Ljava/lang/reflect/Method; @ 60

Internal exceptions (10 events):
Event: 3647.784 Thread 0x000000000c9b5800 Threw 0x00000007d5e08de8 at C:\re\jdk7u75\1940\hotspot\src\share\vm\prims\jvm.cpp:1281
Event: 3647.785 Thread 0x000000000c9b5800 Threw 0x00000007d5e1d970 at C:\re\jdk7u75\1940\hotspot\src\share\vm\prims\jvm.cpp:1281
Event: 3647.785 Thread 0x000000000c9b5800 Threw 0x00000007d5e1e778 at C:\re\jdk7u75\1940\hotspot\src\share\vm\prims\jvm.cpp:1281
Event: 3647.785 Thread 0x000000000c9b5800 Threw 0x00000007d5e21858 at C:\re\jdk7u75\1940\hotspot\src\share\vm\prims\jvm.cpp:1281
Event: 3647.786 Thread 0x000000000c9b5800 Threw 0x00000007d5e22988 at C:\re\jdk7u75\1940\hotspot\src\share\vm\prims\jvm.cpp:1281
Event: 3647.786 Thread 0x000000000c9b5800 Threw 0x00000007d5e2c7c8 at C:\re\jdk7u75\1940\hotspot\src\share\vm\prims\jvm.cpp:1281
Event: 3647.786 Thread 0x000000000c9b5800 Threw 0x00000007d5e2d8f0 at C:\re\jdk7u75\1940\hotspot\src\share\vm\prims\jvm.cpp:1281
Event: 3648.626 Thread 0x000000000c9b5800 Threw 0x0000000779aa8fe8 at C:\re\jdk7u75\1940\hotspot\src\share\vm\gc_interface/collectedHeap.inline.hpp:225
Event: 3649.005 Thread 0x000000000c9b5800 Threw 0x0000000779aa8fe8 at C:\re\jdk7u75\1940\hotspot\src\share\vm\prims\jvm.cpp:1285
Event: 3652.261 Thread 0x000000000a95a800 Threw 0x0000000779aa8fc8 at C:\re\jdk7u75\1940\hotspot\src\share\vm\gc_interface/collectedHeap.inline.hpp:225

Events (10 events):
Event: 3649.022 Thread 0x000000000c9b5800 Uncommon trap: trap_request=0xffffffa7 fr.pc=0x000000000295d0ac
Event: 3649.022 Thread 0x000000000c9b5800 DEOPT PACKING pc=0x000000000295d0ac sp=0x000000000d3ce9c0
Event: 3649.022 Thread 0x000000000c9b5800 DEOPT UNPACKING pc=0x0000000002579064 sp=0x000000000d3ce9d0 mode 2
Event: 3649.022 Thread 0x000000000c9b5800 Uncommon trap: trap_request=0xffffffa7 fr.pc=0x000000000295d0ac
Event: 3649.022 Thread 0x000000000c9b5800 DEOPT PACKING pc=0x000000000295d0ac sp=0x000000000d3ce9c0
Event: 3649.022 Thread 0x000000000c9b5800 DEOPT UNPACKING pc=0x0000000002579064 sp=0x000000000d3ce9d0 mode 2
Event: 3651.433 Executing VM operation: ParallelGCFailedPermanentAllocation
Event: 3651.681 Executing VM operation: ParallelGCFailedPermanentAllocation done
Event: 3651.690 Executing VM operation: ParallelGCFailedPermanentAllocation
Event: 3652.261 Executing VM operation: ParallelGCFailedPermanentAllocation done


Dynamic libraries:
0x000000013fe20000 - 0x000000013fe53000 	C:\Program Files\Java\jre7\bin\javaw.exe
0x0000000076dd0000 - 0x0000000076f78000 	C:\windows\SYSTEM32\ntdll.dll
0x0000000076bb0000 - 0x0000000076ccf000 	C:\windows\system32\kernel32.dll
0x000007fefd030000 - 0x000007fefd09c000 	C:\windows\system32\KERNELBASE.dll
0x000007fefe290000 - 0x000007fefe36b000 	C:\windows\system32\ADVAPI32.dll
0x000007fefecc0000 - 0x000007fefed5f000 	C:\windows\system32\msvcrt.dll
0x000007fefe4f0000 - 0x000007fefe50f000 	C:\windows\SYSTEM32\sechost.dll
0x000007fefe3c0000 - 0x000007fefe4ed000 	C:\windows\system32\RPCRT4.dll
0x0000000076cd0000 - 0x0000000076dca000 	C:\windows\system32\USER32.dll
0x000007fefe510000 - 0x000007fefe577000 	C:\windows\system32\GDI32.dll
0x000007fefec10000 - 0x000007fefec1e000 	C:\windows\system32\LPK.dll
0x000007fefef70000 - 0x000007feff039000 	C:\windows\system32\USP10.dll
0x000007fefb760000 - 0x000007fefb954000 	C:\windows\WinSxS\amd64_microsoft.windows.common-controls_6595b64144ccf1df_6.0.7601.18837_none_fa3b1e3d17594757\COMCTL32.dll
0x000007feff040000 - 0x000007feff0b1000 	C:\windows\system32\SHLWAPI.dll
0x000007fefd0e0000 - 0x000007fefd10e000 	C:\windows\system32\IMM32.DLL
0x000007fefe770000 - 0x000007fefe879000 	C:\windows\system32\MSCTF.dll
0x000000006c830000 - 0x000000006c902000 	C:\Program Files\Java\jre7\bin\msvcr100.dll
0x0000000061c60000 - 0x0000000062434000 	C:\Program Files\Java\jre7\bin\server\jvm.dll
0x000007fef8e80000 - 0x000007fef8e89000 	C:\windows\system32\WSOCK32.dll
0x000007fefe370000 - 0x000007fefe3bd000 	C:\windows\system32\WS2_32.dll
0x000007fefe760000 - 0x000007fefe768000 	C:\windows\system32\NSI.dll
0x000007fefa8c0000 - 0x000007fefa8fb000 	C:\windows\system32\WINMM.dll
0x0000000076fa0000 - 0x0000000076fa7000 	C:\windows\system32\PSAPI.DLL
0x0000000072a90000 - 0x0000000072a9f000 	C:\Program Files\Java\jre7\bin\verify.dll
0x000000006c9c0000 - 0x000000006c9e8000 	C:\Program Files\Java\jre7\bin\java.dll
0x000000006c7b0000 - 0x000000006c7e5000 	C:\Program Files\Java\jre7\bin\jdwp.dll
0x000000006edc0000 - 0x000000006edc8000 	C:\Program Files\Java\jre7\bin\npt.dll
0x0000000070540000 - 0x0000000070555000 	C:\Program Files\Java\jre7\bin\zip.dll
0x0000000073020000 - 0x0000000073029000 	C:\Program Files\Java\jre7\bin\dt_socket.dll
0x000007fefa770000 - 0x000007fefa785000 	C:\windows\system32\NLAapi.dll
0x000007fef8b30000 - 0x000007fef8b45000 	C:\windows\system32\napinsp.dll
0x000007fef8b10000 - 0x000007fef8b29000 	C:\windows\system32\pnrpnsp.dll
0x000007fefc500000 - 0x000007fefc555000 	C:\windows\System32\mswsock.dll
0x000007fefc380000 - 0x000007fefc3db000 	C:\windows\system32\DNSAPI.dll
0x000007fef8b00000 - 0x000007fef8b0b000 	C:\windows\System32\winrnr.dll
0x000007fefbee0000 - 0x000007fefbf07000 	C:\windows\system32\IPHLPAPI.DLL
0x000007fefbed0000 - 0x000007fefbedb000 	C:\windows\system32\WINNSI.DLL
0x000007fef9d40000 - 0x000007fef9d93000 	C:\windows\System32\fwpuclnt.dll
0x000007fef7d40000 - 0x000007fef7d48000 	C:\windows\system32\rasadhlp.dll
0x0000000180000000 - 0x0000000180060000 	C:\windows\system32\portforward64.dll
0x000007fefbeb0000 - 0x000007fefbeb7000 	C:\windows\System32\wshtcpip.dll
0x00000000701a0000 - 0x00000000701b9000 	C:\Program Files\Java\jre7\bin\net.dll
0x000007fefc4f0000 - 0x000007fefc4f7000 	C:\windows\System32\wship6.dll
0x000000006c9a0000 - 0x000000006c9b1000 	C:\Program Files\Java\jre7\bin\nio.dll
0x000000006eda0000 - 0x000000006edab000 	C:\Program Files\Java\jre7\bin\management.dll
0x000007fefc560000 - 0x000007fefc578000 	C:\windows\system32\CRYPTSP.dll
0x000007fefc260000 - 0x000007fefc2a7000 	C:\windows\system32\rsaenh.dll
0x000007fefc020000 - 0x000007fefc03e000 	C:\windows\system32\USERENV.dll
0x000007fefccd0000 - 0x000007fefccdf000 	C:\windows\system32\profapi.dll
0x000007fefcbc0000 - 0x000007fefcbcf000 	C:\windows\system32\CRYPTBASE.dll
0x000007fef8d50000 - 0x000007fef8e75000 	C:\windows\system32\dbghelp.dll

VM Arguments:
jvm_args: -agentlib:jdwp=transport=dt_socket,suspend=y,address=localhost:51744 -Drjrcontext=/canteencore -Drjrwebapp=D:\CSC_git\canteencore\src\main\webapp -Drjrport=8080 -Drjrsslport=8443 -Drjrkeystore=C:\Users\kd003\.keystore -Drjrkeypassword=changeit -Drjrpassword=changeit -Drjrscanintervalseconds=5 -Drjrenablescanner=true -DrjrscanWEBINF=false -Drjrenablessl=false -Drjrneedclientauth=false -Drjrparentloaderpriority=true -DrjrenbaleJNDI=false -XX:MaxPermSize=128m -Drjrclasspath=file://E:\workspace\2\.metadata\.plugins\runjettyrun\canteencore.classpath -DrjrResourceMapping= -DrjrEclipseListener=52934 -Dfile.encoding=UTF-8 
java_command: runjettyrun.Bootstrap
Launcher Type: SUN_STANDARD

Environment Variables:
JAVA_HOME=C:\Program Files\Java\jdk1.7.0_45
CLASSPATH=.;c:\Program Files (x86)\Java\jre7\lib\ext\QTJava.zip
PATH=C:\Program Files (x86)\PC Connectivity Solution\;C:\windows\system32;C:\windows;C:\windows\System32\Wbem;C:\windows\System32\WindowsPowerShell\v1.0\;C:\Program Files\Java\jdk1.7.0_45\bin;C:\Program Files\TortoiseSVN\bin;E:\apache-maven-3.2.1\bin;C:\Program Files (x86)\Microsoft SQL Server\100\Tools\Binn\VSShell\Common7\IDE\;C:\Program Files (x86)\Microsoft SQL Server\100\Tools\Binn\;C:\Program Files (x86)\Microsoft SQL Server\100\DTS\Binn\;c:\Program Files (x86)\QuickTime\QTSystem\;D:\OpenVPN\bin;ERLANG_HOME;E:\RabbitMQ Server\rabbitmq_server-3.5.4\sbin
USERNAME=kd003
OS=Windows_NT
PROCESSOR_IDENTIFIER=Intel64 Family 6 Model 58 Stepping 9, GenuineIntel



---------------  S Y S T E M  ---------------

OS: Windows 7 , 64 bit Build 7601 Service Pack 1

CPU:total 2 (2 cores per cpu, 1 threads per core) family 6 model 58 stepping 9, cmov, cx8, fxsr, mmx, sse, sse2, sse3, ssse3, sse4.1, sse4.2, popcnt, erms, tsc, tscinvbit, tscinv

Memory: 4k page, physical 8279424k(2623100k free), swap 16556996k(8554884k free)

vm_info: Java HotSpot(TM) 64-Bit Server VM (24.75-b04) for windows-amd64 JRE (1.7.0_75-b13), built on Dec 18 2014 17:15:01 by "java_re" with unknown MS VC++:1600

time: Mon Jul 18 19:45:53 2016
elapsed time: 3652 seconds

