<<<<<<< HEAD
2016-07-11  14:15:56.951 [1237770275@qtp-1847749886-0] ERROR com.kd.core.resource.account.AccountLogResource - kao...................................................................
2016-07-11  14:15:57.906 [1237770275@qtp-1847749886-0] ERROR com.kd.core.resource.account.AccountLogResource - kao...................................................................
2016-07-11  14:23:02.371 [1237770275@qtp-1847749886-0] ERROR com.kd.core.resource.account.AccountLogResource - kao...................................................................
2016-07-11  14:23:03.843 [1237770275@qtp-1847749886-0] ERROR com.kd.core.resource.account.AccountLogResource - kao...................................................................
2016-07-11  14:36:58.010 [343802177@qtp-1847749886-2] ERROR com.kd.core.plugin.PageInterceptor - 程序出错！
2016-07-11  14:37:01.231 [343802177@qtp-1847749886-2] ERROR com.kd.core.plugin.PageInterceptor - 程序出错！
2016-07-11  14:37:05.965 [343802177@qtp-1847749886-2] ERROR com.kd.core.plugin.PageInterceptor - 程序出错！
2016-07-11  14:37:22.915 [343802177@qtp-1847749886-2] ERROR com.kd.core.resource.account.AccountLogResource - kao...................................................................
2016-07-11  14:42:10.213 [343802177@qtp-1847749886-2] ERROR com.kd.core.resource.account.AccountLogResource - kao...................................................................
2016-07-11  14:42:46.568 [343802177@qtp-1847749886-2] ERROR com.kd.core.resource.account.AccountLogResource - kao...................................................................
2016-07-11  14:42:48.011 [343802177@qtp-1847749886-2] ERROR com.kd.core.plugin.PageInterceptor - 程序出错！
2016-07-11  14:49:58.259 [343802177@qtp-1847749886-2] ERROR com.kd.core.plugin.PageInterceptor - 程序出错！
2016-07-11  14:52:01.729 [343802177@qtp-1847749886-2] ERROR com.kd.core.resource.account.AccountLogResource - kao...................................................................
2016-07-11  14:52:04.536 [343802177@qtp-1847749886-2] ERROR com.kd.core.plugin.PageInterceptor - 程序出错！
2016-07-11  14:54:12.120 [343802177@qtp-1847749886-2] ERROR com.kd.core.plugin.PageInterceptor - 程序出错！
2016-07-11  14:54:18.266 [343802177@qtp-1847749886-2] ERROR com.kd.core.plugin.PageInterceptor - 程序出错！
2016-07-11  14:54:56.531 [343802177@qtp-1847749886-2] ERROR com.kd.core.resource.account.AccountLogResource - kao...................................................................
2016-07-11  14:54:57.896 [343802177@qtp-1847749886-2] ERROR com.kd.core.resource.account.AccountLogResource - kao...................................................................
2016-07-11  14:55:41.163 [343802177@qtp-1847749886-2] ERROR com.kd.core.resource.account.AccountLogResource - kao...................................................................
2016-07-11  14:55:42.727 [343802177@qtp-1847749886-2] ERROR com.kd.core.resource.account.AccountLogResource - kao...................................................................
2016-07-11  14:57:22.182 [343802177@qtp-1847749886-2] ERROR com.kd.core.resource.account.AccountLogResource - kao...................................................................
2016-07-11  14:57:23.397 [343802177@qtp-1847749886-2] ERROR com.kd.core.resource.account.AccountLogResource - kao...................................................................
2016-07-11  14:59:58.979 [343802177@qtp-1847749886-2] ERROR com.kd.core.plugin.PageInterceptor - 程序出错！
2016-07-11  15:00:02.636 [343802177@qtp-1847749886-2] ERROR com.kd.core.resource.account.AccountLogResource - kao...................................................................
2016-07-11  15:01:32.058 [588080400@qtp-1847749886-7] ERROR com.kd.core.plugin.PageInterceptor - 程序出错！
2016-07-11  15:01:34.974 [588080400@qtp-1847749886-7] ERROR com.kd.core.plugin.PageInterceptor - 程序出错！
2016-07-11  15:01:37.517 [588080400@qtp-1847749886-7] ERROR com.kd.core.plugin.PageInterceptor - 程序出错！
2016-07-11  15:15:47.748 [530923436@qtp-371314735-0] ERROR com.kd.core.plugin.PageInterceptor - 程序出错！
2016-07-11  15:15:49.966 [530923436@qtp-371314735-0] ERROR com.kd.core.plugin.PageInterceptor - 程序出错！
2016-07-11  15:22:42.320 [530923436@qtp-371314735-0] ERROR com.kd.core.plugin.PageInterceptor - 程序出错！
2016-07-11  15:22:44.699 [530923436@qtp-371314735-0] ERROR com.kd.core.plugin.PageInterceptor - 程序出错！
2016-07-11  15:24:31.266 [530923436@qtp-371314735-0] ERROR com.kd.core.plugin.PageInterceptor - 程序出错！
2016-07-11  15:24:33.569 [530923436@qtp-371314735-0] ERROR com.kd.core.plugin.PageInterceptor - 程序出错！
2016-07-11  15:25:43.073 [530923436@qtp-371314735-0] ERROR com.kd.core.plugin.PageInterceptor - 程序出错！
2016-07-11  15:27:03.293 [1237770275@qtp-1847749886-0] ERROR com.kd.core.plugin.PageInterceptor - 程序出错！
2016-07-11  15:28:58.003 [1237770275@qtp-1847749886-0] ERROR com.kd.core.plugin.PageInterceptor - 程序出错！
2016-07-11  15:31:32.630 [1237770275@qtp-1847749886-0] ERROR com.kd.core.plugin.PageInterceptor - 程序出错！
2016-07-11  15:31:41.883 [543894108@qtp-1847749886-2] ERROR com.kd.core.plugin.PageInterceptor - 程序出错！
2016-07-11  15:33:43.951 [543894108@qtp-1847749886-2] ERROR com.kd.core.plugin.PageInterceptor - 程序出错！
2016-07-11  16:11:42.199 [530923436@qtp-371314735-0] ERROR com.kd.core.plugin.PageInterceptor - 程序出错！
2016-07-11  16:32:33.753 [2094737972@qtp-867908838-0] ERROR com.kd.core.plugin.PageInterceptor - 程序出错！
=======
2016-07-11  13:40:30.916 [530923436@qtp-1234909842-1] ERROR com.kd.core.resource.account.AccountLogResource - kao...................................................................
2016-07-11  13:42:42.321 [530923436@qtp-1234909842-1] ERROR com.kd.core.resource.account.AccountLogResource - kao...................................................................
2016-07-11  15:01:58.035 [530923436@qtp-371314735-0] ERROR com.kd.core.plugin.PageInterceptor - 程序出错！
2016-07-11  15:02:00.657 [530923436@qtp-371314735-0] ERROR com.kd.core.plugin.PageInterceptor - 程序出错！
2016-07-11  16:10:29.744 [1237770275@qtp-1847749886-0] ERROR com.kd.core.resource.account.AccountLogResource - kao...................................................................
2016-07-11  16:10:32.412 [1237770275@qtp-1847749886-0] ERROR com.kd.core.resource.account.AccountLogResource - kao...................................................................
2016-07-11  16:10:34.059 [1237770275@qtp-1847749886-0] ERROR com.kd.core.plugin.PageInterceptor - 程序出错！
2016-07-11  16:12:30.381 [1237770275@qtp-1847749886-0] ERROR com.kd.core.plugin.PageInterceptor - 程序出错！
2016-07-11  16:14:16.838 [955221946@qtp-2033379069-0] ERROR com.kd.core.resource.account.AccountLogResource - kao...................................................................
2016-07-11  16:14:18.869 [955221946@qtp-2033379069-0] ERROR com.kd.core.resource.account.AccountLogResource - kao...................................................................
2016-07-11  16:14:26.608 [955221946@qtp-2033379069-0] ERROR com.kd.core.plugin.PageInterceptor - 程序出错！
2016-07-11  16:15:27.504 [955221946@qtp-2033379069-0] ERROR com.kd.core.resource.account.AccountLogResource - kao...................................................................
2016-07-11  16:17:17.520 [955221946@qtp-2033379069-0] ERROR com.kd.core.resource.account.AccountLogResource - kao...................................................................
2016-07-11  16:18:13.884 [955221946@qtp-2033379069-0] ERROR com.kd.core.resource.account.AccountLogResource - kao...................................................................
2016-07-11  16:18:19.190 [955221946@qtp-2033379069-0] ERROR com.kd.core.resource.account.AccountLogResource - kao...................................................................
2016-07-11  16:18:20.044 [402340798@qtp-2033379069-2] ERROR com.kd.core.resource.account.AccountLogResource - kao...................................................................
2016-07-11  16:18:22.138 [402340798@qtp-2033379069-2] ERROR com.kd.core.resource.account.AccountLogResource - kao...................................................................
2016-07-11  16:18:23.172 [402340798@qtp-2033379069-2] ERROR com.kd.core.resource.account.AccountLogResource - kao...................................................................
2016-07-11  16:21:04.011 [530923436@qtp-371314735-0] ERROR com.kd.core.resource.account.AccountLogResource - kao...................................................................
2016-07-11  16:21:06.823 [530923436@qtp-371314735-0] ERROR com.kd.core.resource.account.AccountLogResource - kao...................................................................
2016-07-11  16:25:55.824 [1974985097@qtp-2094737972-0] ERROR com.kd.core.resource.account.AccountLogResource - kao...................................................................
2016-07-11  16:25:57.608 [1974985097@qtp-2094737972-0] ERROR com.kd.core.resource.account.AccountLogResource - kao...................................................................
2016-07-11  16:27:03.749 [27777789@qtp-2094737972-2] ERROR com.kd.core.resource.account.AccountLogResource - kao...................................................................
2016-07-11  16:32:59.660 [955221946@qtp-371314735-1] ERROR com.kd.core.resource.account.AccountLogResource - kao...................................................................
2016-07-11  16:34:30.773 [293379584@qtp-371314735-4] ERROR com.kd.core.resource.account.AccountLogResource - kao...................................................................
2016-07-11  16:34:31.978 [293379584@qtp-371314735-4] ERROR com.kd.core.resource.account.AccountLogResource - kao...................................................................
2016-07-11  16:35:47.007 [132202862@qtp-371314735-3] ERROR com.kd.core.resource.account.AccountLogResource - kao...................................................................
2016-07-11  16:37:02.626 [132202862@qtp-371314735-3] ERROR com.kd.core.resource.account.AccountLogResource - kao...................................................................
2016-07-11  16:37:03.975 [394559031@qtp-371314735-5] ERROR com.kd.core.resource.account.AccountLogResource - kao...................................................................
2016-07-11  16:37:47.837 [394559031@qtp-371314735-5] ERROR com.kd.core.resource.account.AccountLogResource - kao...................................................................
2016-07-11  16:37:48.994 [394559031@qtp-371314735-5] ERROR com.kd.core.resource.account.AccountLogResource - kao...................................................................
2016-07-11  16:37:52.152 [394559031@qtp-371314735-5] ERROR com.kd.core.resource.account.AccountLogResource - kao...................................................................
2016-07-11  16:41:01.755 [1789733788@qtp-371314735-6] ERROR com.kd.core.resource.account.AccountLogResource - kao...................................................................
2016-07-11  16:41:02.775 [1789733788@qtp-371314735-6] ERROR com.kd.core.resource.account.AccountLogResource - kao...................................................................
2016-07-11  16:45:12.011 [1789733788@qtp-371314735-6] ERROR com.kd.core.resource.account.AccountLogResource - kao...................................................................
2016-07-11  16:45:12.933 [1789733788@qtp-371314735-6] ERROR com.kd.core.resource.account.AccountLogResource - kao...................................................................
2016-07-11  16:48:59.041 [1237770275@qtp-1847749886-0] ERROR com.kd.core.resource.account.AccountLogResource - kao...................................................................
2016-07-11  16:49:00.137 [1237770275@qtp-1847749886-0] ERROR com.kd.core.resource.account.AccountLogResource - kao...................................................................
2016-07-11  16:49:39.289 [1237770275@qtp-1847749886-0] ERROR com.kd.core.resource.account.AccountLogResource - kao...................................................................
2016-07-11  16:51:17.182 [1237770275@qtp-1847749886-0] ERROR com.kd.core.resource.account.AccountLogResource - kao...................................................................
2016-07-11  16:51:37.658 [1237770275@qtp-1847749886-0] ERROR com.kd.core.resource.account.AccountLogResource - kao...................................................................
2016-07-11  16:53:50.168 [435635567@qtp-99272963-0] ERROR com.kd.core.resource.account.AccountLogResource - kao...................................................................
2016-07-11  16:54:13.651 [435635567@qtp-99272963-0] ERROR com.kd.core.resource.account.AccountLogResource - kao...................................................................
2016-07-11  16:56:18.133 [435635567@qtp-99272963-0] ERROR com.kd.core.resource.account.AccountLogResource - kao...................................................................
2016-07-11  16:56:35.662 [435635567@qtp-99272963-0] ERROR com.kd.core.resource.account.AccountLogResource - kao...................................................................
2016-07-11  16:57:51.506 [435635567@qtp-99272963-0] ERROR com.kd.core.resource.account.AccountLogResource - kao...................................................................
2016-07-11  16:58:09.635 [833895734@qtp-99272963-2] ERROR com.kd.core.resource.account.AccountLogResource - kao...................................................................
2016-07-11  16:59:41.874 [833895734@qtp-99272963-2] ERROR com.kd.core.resource.account.AccountLogResource - kao...................................................................
2016-07-11  16:59:43.150 [833895734@qtp-99272963-2] ERROR com.kd.core.resource.account.AccountLogResource - kao...................................................................
2016-07-11  16:59:59.041 [833895734@qtp-99272963-2] ERROR com.kd.core.resource.account.AccountLogResource - kao...................................................................
2016-07-11  17:00:02.427 [833895734@qtp-99272963-2] ERROR com.kd.core.resource.account.AccountLogResource - kao...................................................................
2016-07-11  17:01:05.975 [833895734@qtp-99272963-2] ERROR com.kd.core.resource.account.AccountLogResource - kao...................................................................
2016-07-11  17:01:10.984 [833895734@qtp-99272963-2] ERROR com.kd.core.resource.account.AccountLogResource - kao...................................................................
2016-07-11  17:01:11.744 [833895734@qtp-99272963-2] ERROR com.kd.core.resource.account.AccountLogResource - kao...................................................................
2016-07-11  17:01:15.911 [833895734@qtp-99272963-2] ERROR com.kd.core.resource.account.AccountLogResource - kao...................................................................
2016-07-11  17:01:20.691 [833895734@qtp-99272963-2] ERROR com.kd.core.resource.account.AccountLogResource - kao...................................................................
2016-07-11  17:01:21.089 [833895734@qtp-99272963-2] ERROR com.kd.core.resource.account.AccountLogResource - kao...................................................................
2016-07-11  17:01:23.134 [833895734@qtp-99272963-2] ERROR com.kd.core.resource.account.AccountLogResource - kao...................................................................
2016-07-11  17:01:24.370 [833895734@qtp-99272963-2] ERROR com.kd.core.resource.account.AccountLogResource - kao...................................................................
2016-07-11  17:01:27.605 [833895734@qtp-99272963-2] ERROR com.kd.core.resource.account.AccountLogResource - kao...................................................................
2016-07-11  17:02:18.590 [455319752@qtp-99272963-4] ERROR com.kd.core.resource.account.AccountLogResource - kao...................................................................
2016-07-11  17:02:19.858 [455319752@qtp-99272963-4] ERROR com.kd.core.resource.account.AccountLogResource - kao...................................................................
2016-07-11  17:03:29.078 [455319752@qtp-99272963-4] ERROR com.kd.core.resource.account.AccountLogResource - kao...................................................................
2016-07-11  17:03:30.738 [455319752@qtp-99272963-4] ERROR com.kd.core.resource.account.AccountLogResource - kao...................................................................
2016-07-11  17:03:34.079 [455319752@qtp-99272963-4] ERROR com.kd.core.resource.account.AccountLogResource - kao...................................................................
2016-07-11  17:04:43.990 [455319752@qtp-99272963-4] ERROR com.kd.core.resource.account.AccountLogResource - kao...................................................................
2016-07-11  17:04:48.306 [455319752@qtp-99272963-4] ERROR com.kd.core.resource.account.AccountLogResource - kao...................................................................
2016-07-11  17:05:51.233 [455319752@qtp-99272963-4] ERROR com.kd.core.resource.account.AccountLogResource - kao...................................................................
2016-07-11  17:05:52.537 [455319752@qtp-99272963-4] ERROR com.kd.core.resource.account.AccountLogResource - kao...................................................................
2016-07-11  17:06:02.251 [455319752@qtp-99272963-4] ERROR com.kd.core.resource.account.AccountLogResource - kao...................................................................
2016-07-11  17:06:03.550 [455319752@qtp-99272963-4] ERROR com.kd.core.resource.account.AccountLogResource - kao...................................................................
2016-07-11  17:06:07.624 [455319752@qtp-99272963-4] ERROR com.kd.core.resource.account.AccountLogResource - kao...................................................................
2016-07-11  17:06:55.561 [455319752@qtp-99272963-4] ERROR com.kd.core.resource.account.AccountLogResource - kao...................................................................
2016-07-11  17:08:15.617 [455319752@qtp-99272963-4] ERROR com.kd.core.resource.account.AccountLogResource - kao...................................................................
2016-07-11  17:08:16.624 [455319752@qtp-99272963-4] ERROR com.kd.core.resource.account.AccountLogResource - kao...................................................................
2016-07-11  17:08:19.213 [455319752@qtp-99272963-4] ERROR com.kd.core.resource.account.AccountLogResource - kao...................................................................
2016-07-11  17:08:21.661 [455319752@qtp-99272963-4] ERROR com.kd.core.resource.account.AccountLogResource - kao...................................................................
2016-07-11  17:08:33.253 [455319752@qtp-99272963-4] ERROR com.kd.core.resource.account.AccountLogResource - kao...................................................................
2016-07-11  17:09:10.817 [455319752@qtp-99272963-4] ERROR com.kd.core.resource.account.AccountLogResource - kao...................................................................
2016-07-11  17:12:01.627 [455319752@qtp-99272963-4] ERROR com.kd.core.resource.account.AccountLogResource - kao...................................................................
2016-07-11  17:12:11.412 [455319752@qtp-99272963-4] ERROR com.kd.core.resource.account.AccountLogResource - kao...................................................................
2016-07-11  17:12:13.732 [455319752@qtp-99272963-4] ERROR com.kd.core.resource.account.AccountLogResource - kao...................................................................
2016-07-11  17:12:23.502 [455319752@qtp-99272963-4] ERROR com.kd.core.resource.account.AccountLogResource - kao...................................................................
2016-07-11  17:12:41.617 [455319752@qtp-99272963-4] ERROR com.kd.core.resource.account.AccountLogResource - kao...................................................................
2016-07-11  17:14:40.505 [530923436@qtp-371314735-0] ERROR com.kd.core.resource.account.AccountLogResource - kao...................................................................
2016-07-11  17:14:42.469 [530923436@qtp-371314735-0] ERROR com.kd.core.resource.account.AccountLogResource - kao...................................................................
2016-07-11  17:15:16.325 [530923436@qtp-371314735-0] ERROR com.kd.core.resource.account.AccountLogResource - kao...................................................................
2016-07-11  17:17:37.370 [530923436@qtp-371314735-0] ERROR com.kd.core.resource.account.AccountLogResource - kao...................................................................
2016-07-11  17:17:53.740 [530923436@qtp-371314735-0] ERROR com.kd.core.resource.account.AccountLogResource - kao...................................................................
2016-07-11  17:20:04.141 [330129783@qtp-371314735-2] ERROR com.kd.core.resource.account.AccountLogResource - kao...................................................................
2016-07-11  17:20:06.318 [330129783@qtp-371314735-2] ERROR com.kd.core.resource.account.AccountLogResource - kao...................................................................
2016-07-11  17:20:07.829 [330129783@qtp-371314735-2] ERROR com.kd.core.resource.account.AccountLogResource - kao...................................................................
2016-07-11  17:21:00.127 [176344718@qtp-371314735-3] ERROR com.kd.core.resource.account.AccountLogResource - kao...................................................................
2016-07-11  17:22:01.362 [1946237168@qtp-371314735-4] ERROR com.kd.core.resource.account.AccountLogResource - kao...................................................................
2016-07-11  17:22:03.028 [1946237168@qtp-371314735-4] ERROR com.kd.core.resource.account.AccountLogResource - kao...................................................................
2016-07-11  17:22:04.628 [1946237168@qtp-371314735-4] ERROR com.kd.core.resource.account.AccountLogResource - kao...................................................................
2016-07-11  17:22:21.319 [1946237168@qtp-371314735-4] ERROR com.kd.core.resource.account.AccountLogResource - kao...................................................................
2016-07-11  17:23:02.480 [1946237168@qtp-371314735-4] ERROR com.kd.core.resource.account.AccountLogResource - kao...................................................................
2016-07-11  17:23:03.745 [1946237168@qtp-371314735-4] ERROR com.kd.core.resource.account.AccountLogResource - kao...................................................................
2016-07-11  17:23:07.531 [1946237168@qtp-371314735-4] ERROR com.kd.core.resource.account.AccountLogResource - kao...................................................................
2016-07-11  17:24:26.095 [1946237168@qtp-371314735-4] ERROR com.kd.core.resource.account.AccountLogResource - kao...................................................................
2016-07-11  17:24:27.393 [1946237168@qtp-371314735-4] ERROR com.kd.core.resource.account.AccountLogResource - kao...................................................................
2016-07-11  17:24:32.348 [1946237168@qtp-371314735-4] ERROR com.kd.core.resource.account.AccountLogResource - kao...................................................................
2016-07-11  17:24:50.010 [1946237168@qtp-371314735-4] ERROR com.kd.core.resource.account.AccountLogResource - kao...................................................................
2016-07-11  17:26:22.573 [1946237168@qtp-371314735-4] ERROR com.kd.core.resource.account.AccountLogResource - kao...................................................................
2016-07-11  17:26:50.346 [1946237168@qtp-371314735-4] ERROR com.kd.core.resource.account.AccountLogResource - kao...................................................................
2016-07-11  17:32:46.612 [1946237168@qtp-371314735-4] ERROR com.kd.core.resource.account.AccountLogResource - kao...................................................................
2016-07-11  17:32:47.753 [1946237168@qtp-371314735-4] ERROR com.kd.core.resource.account.AccountLogResource - kao...................................................................
2016-07-11  18:32:15.462 [1946237168@qtp-371314735-4] ERROR com.kd.core.resource.account.AccountLogResource - kao...................................................................
2016-07-11  18:33:44.404 [1946237168@qtp-371314735-4] ERROR com.kd.core.resource.account.AccountLogResource - kao...................................................................
2016-07-11  20:08:58.184 [1948496358@qtp-2094737972-2] ERROR com.kd.core.resource.account.AccountLogResource - kao...................................................................
2016-07-11  20:10:37.949 [1709327668@qtp-2094737972-3] ERROR com.kd.core.resource.account.AccountLogResource - kao...................................................................
2016-07-11  20:20:50.756 [530923436@qtp-371314735-0] ERROR com.kd.core.resource.account.AccountLogResource - kao...................................................................
2016-07-11  20:23:35.135 [530923436@qtp-371314735-0] ERROR com.kd.core.resource.account.AccountLogResource - kao...................................................................
2016-07-11  20:24:58.588 [530923436@qtp-371314735-0] ERROR com.kd.core.resource.account.AccountLogResource - kao...................................................................
2016-07-11  20:25:06.266 [530923436@qtp-371314735-0] ERROR com.kd.core.resource.account.AccountLogResource - kao...................................................................
2016-07-11  20:25:08.656 [530923436@qtp-371314735-0] ERROR com.kd.core.resource.account.AccountLogResource - kao...................................................................
2016-07-11  20:30:11.978 [2067277247@qtp-414186486-0] ERROR com.kd.core.resource.account.AccountLogResource - kao...................................................................
2016-07-11  21:00:43.575 [955221946@qtp-2033379069-0] ERROR com.kd.core.resource.account.AccountLogResource - kao...................................................................
2016-07-11  21:00:53.031 [955221946@qtp-2033379069-0] ERROR com.kd.core.resource.account.AccountLogResource - kao...................................................................
2016-07-11  21:01:22.080 [955221946@qtp-2033379069-0] ERROR com.kd.core.resource.account.AccountLogResource - kao...................................................................
2016-07-11  21:02:03.805 [878973592@qtp-2033379069-2] ERROR com.kd.core.resource.account.AccountLogResource - kao...................................................................
2016-07-11  21:02:23.597 [878973592@qtp-2033379069-2] ERROR com.kd.core.resource.account.AccountLogResource - kao...................................................................
2016-07-11  21:02:24.839 [878973592@qtp-2033379069-2] ERROR com.kd.core.plugin.PageInterceptor - 程序出错！
2016-07-11  21:02:35.218 [878973592@qtp-2033379069-2] ERROR com.kd.core.plugin.PageInterceptor - 程序出错！
>>>>>>> branch 'master' of git@192.168.1.88:canteencore.git
